<?xml version="1.0" encoding="UTF-8"?>
<testsuite name="org.example.AppTest" tests="1" skipped="0" failures="0" errors="0" timestamp="2025-02-07T20:57:44" hostname="cli-10-110-0-51.WIFIeduroamSTUD.units.it" time="0.001">
  <properties/>
  <testcase name="appHasAGreeting" classname="org.example.AppTest" time="0.001"/>
  <system-out><![CDATA[]]></system-out>
  <system-err><![CDATA[]]></system-err>
</testsuite>
